Traceback (most recent call last):
  File "/home/erik/mambaforge/envs/compmethods/lib/python3.11/site-packages/jupyter_cache/executors/utils.py", line 58, in single_nb_execution
    executenb(
  File "/home/erik/mambaforge/envs/compmethods/lib/python3.11/site-packages/nbclient/client.py", line 1319, in execute
    return NotebookClient(nb=nb, resources=resources, km=km, **kwargs).execute()
           ^^^^^^^^^^^^^^^^^^^^^^^^^^^^^^^^^^^^^^^^^^^^^^^^^^^^^^^^^^^^^^^^^^^^^
  File "/home/erik/mambaforge/envs/compmethods/lib/python3.11/site-packages/jupyter_core/utils/__init__.py", line 165, in wrapped
    return loop.run_until_complete(inner)
           ^^^^^^^^^^^^^^^^^^^^^^^^^^^^^^
  File "/home/erik/mambaforge/envs/compmethods/lib/python3.11/asyncio/base_events.py", line 654, in run_until_complete
    return future.result()
           ^^^^^^^^^^^^^^^
  File "/home/erik/mambaforge/envs/compmethods/lib/python3.11/site-packages/nbclient/client.py", line 709, in async_execute
    await self.async_execute_cell(
  File "/home/erik/mambaforge/envs/compmethods/lib/python3.11/site-packages/nbclient/client.py", line 1062, in async_execute_cell
    await self._check_raise_for_error(cell, cell_index, exec_reply)
  File "/home/erik/mambaforge/envs/compmethods/lib/python3.11/site-packages/nbclient/client.py", line 918, in _check_raise_for_error
    raise CellExecutionError.from_cell_and_msg(cell, exec_reply_content)
nbclient.exceptions.CellExecutionError: An error occurred while executing the following cell:
------------------
d2f = grad(grad(f))  # d2f is a function that computes the second derivative of f
print(d2f(x))  # prints the second derivative of f at x = 2.0
------------------


[0;31m---------------------------------------------------------------------------[0m
[0;31mTypeError[0m                                 Traceback (most recent call last)
Cell [0;32mIn[5], line 2[0m
[1;32m      1[0m d2f [38;5;241m=[39m grad(grad(f))  [38;5;66;03m# d2f is a function that computes the second derivative of f[39;00m
[0;32m----> 2[0m [38;5;28mprint[39m([43md2f[49m[43m([49m[43mx[49m[43m)[49m)  [38;5;66;03m# prints the second derivative of f at x = 2.0[39;00m

    [0;31m[... skipping hidden 35 frame][0m

File [0;32m~/mambaforge/envs/compmethods/lib/python3.11/site-packages/jax/_src/linear_util.py:402[0m, in [0;36m_get_result_paths_thunk[0;34m(_fun, _store, *args, **kwargs)[0m
[1;32m    400[0m [38;5;129m@transformation_with_aux2[39m
[1;32m    401[0m [38;5;28;01mdef[39;00m[38;5;250m [39m[38;5;21m_get_result_paths_thunk[39m(_fun: Callable, _store: Store, [38;5;241m*[39margs, [38;5;241m*[39m[38;5;241m*[39mkwargs):
[0;32m--> 402[0m   ans [38;5;241m=[39m [43m_fun[49m[43m([49m[38;5;241;43m*[39;49m[43margs[49m[43m,[49m[43m [49m[38;5;241;43m*[39;49m[38;5;241;43m*[39;49m[43mkwargs[49m[43m)[49m
[1;32m    403[0m   result_paths [38;5;241m=[39m [38;5;28mtuple[39m([38;5;124mf[39m[38;5;124m"[39m[38;5;124mresult[39m[38;5;132;01m{[39;00m_clean_keystr_arg_names(path)[38;5;132;01m}[39;00m[38;5;124m"[39m [38;5;28;01mfor[39;00m path, _ [38;5;129;01min[39;00m generate_key_paths(ans))
[1;32m    404[0m   [38;5;28;01mif[39;00m _store:
[1;32m    405[0m     [38;5;66;03m# In some instances a lu.WrappedFun is called multiple times, e.g.,[39;00m
[1;32m    406[0m     [38;5;66;03m# the bwd function in a custom_vjp[39;00m

[0;31mTypeError[0m: f() missing 1 required positional argument: 'y'

